2024-11-11T15:41:47.731+05:30  INFO 24152 --- [SmartHealthManagementSystem] [http-nio-8080-exec-1] o.a.c.c.C.[Tomcat].[localhost].[/]       : Initializing Spring DispatcherServlet 'dispatcherServlet'
2024-11-11T15:41:47.740+05:30  INFO 24152 --- [SmartHealthManagementSystem] [http-nio-8080-exec-1] o.s.web.servlet.DispatcherServlet        : Initializing Servlet 'dispatcherServlet'
2024-11-11T15:41:47.742+05:30  INFO 24152 --- [SmartHealthManagementSystem] [http-nio-8080-exec-1] o.s.web.servlet.DispatcherServlet        : Completed initialization in 2 ms
2024-11-11T16:44:24.984+05:30  INFO 24152 --- [SmartHealthManagementSystem] [RMI TCP Connection(66)-127.0.0.1] inMXBeanRegistrar$SpringApplicationAdmin : Application shutdown requested.
2024-11-11T16:44:25.022+05:30  INFO 24152 --- [SmartHealthManagementSystem] [RMI TCP Connection(66)-127.0.0.1] j.LocalContainerEntityManagerFactoryBean : Closing JPA EntityManagerFactory for persistence unit 'default'
2024-11-11T16:44:25.035+05:30  INFO 24152 --- [SmartHealthManagementSystem] [RMI TCP Connection(66)-127.0.0.1] com.zaxxer.hikari.HikariDataSource       : HikariPool-1 - Shutdown initiated...
2024-11-11T16:44:25.040+05:30  INFO 24152 --- [SmartHealthManagementSystem] [RMI TCP Connection(66)-127.0.0.1] com.zaxxer.hikari.HikariDataSource       : HikariPool-1 - Shutdown completed.
2024-11-11T16:44:33.904+05:30  INFO 25532 --- [SmartHealthManagementSystem] [main] S.SmartHealthManagementSystemApplication : Starting SmartHealthManagementSystemApplication using Java 21.0.2 with PID 25532 (C:\Users\Pradip Kumar Singh\Desktop\Assignment\Final Project\SmartHealthManagementSystem\target\classes started by Pradip Kumar Singh in C:\Users\Pradip Kumar Singh\Desktop\Assignment\Final Project\SmartHealthManagementSystem)
2024-11-11T16:44:33.906+05:30 DEBUG 25532 --- [SmartHealthManagementSystem] [main] S.SmartHealthManagementSystemApplication : Running with Spring Boot v3.3.5, Spring v6.1.14
2024-11-11T16:44:33.907+05:30  INFO 25532 --- [SmartHealthManagementSystem] [main] S.SmartHealthManagementSystemApplication : No active profile set, falling back to 1 default profile: "default"
2024-11-11T16:44:34.638+05:30  INFO 25532 --- [SmartHealthManagementSystem] [main] .s.d.r.c.RepositoryConfigurationDelegate : Bootstrapping Spring Data JPA repositories in DEFAULT mode.
2024-11-11T16:44:34.721+05:30  INFO 25532 --- [SmartHealthManagementSystem] [main] .s.d.r.c.RepositoryConfigurationDelegate : Finished Spring Data repository scanning in 75 ms. Found 8 JPA repository interfaces.
2024-11-11T16:44:35.271+05:30  INFO 25532 --- [SmartHealthManagementSystem] [main] o.s.b.w.embedded.tomcat.TomcatWebServer  : Tomcat initialized with port 8080 (http)
2024-11-11T16:44:35.287+05:30  INFO 25532 --- [SmartHealthManagementSystem] [main] o.apache.catalina.core.StandardService   : Starting service [Tomcat]
2024-11-11T16:44:35.287+05:30  INFO 25532 --- [SmartHealthManagementSystem] [main] o.apache.catalina.core.StandardEngine    : Starting Servlet engine: [Apache Tomcat/10.1.31]
2024-11-11T16:44:35.352+05:30  INFO 25532 --- [SmartHealthManagementSystem] [main] o.a.c.c.C.[Tomcat].[localhost].[/]       : Initializing Spring embedded WebApplicationContext
2024-11-11T16:44:35.352+05:30  INFO 25532 --- [SmartHealthManagementSystem] [main] w.s.c.ServletWebServerApplicationContext : Root WebApplicationContext: initialization completed in 1392 ms
2024-11-11T16:44:35.525+05:30  INFO 25532 --- [SmartHealthManagementSystem] [main] o.hibernate.jpa.internal.util.LogHelper  : HHH000204: Processing PersistenceUnitInfo [name: default]
2024-11-11T16:44:35.595+05:30  INFO 25532 --- [SmartHealthManagementSystem] [main] org.hibernate.Version                    : HHH000412: Hibernate ORM core version 6.5.3.Final
2024-11-11T16:44:35.635+05:30  INFO 25532 --- [SmartHealthManagementSystem] [main] o.h.c.internal.RegionFactoryInitiator    : HHH000026: Second-level cache disabled
2024-11-11T16:44:35.978+05:30  INFO 25532 --- [SmartHealthManagementSystem] [main] o.s.o.j.p.SpringPersistenceUnitInfo      : No LoadTimeWeaver setup: ignoring JPA class transformer
2024-11-11T16:44:36.013+05:30  INFO 25532 --- [SmartHealthManagementSystem] [main] com.zaxxer.hikari.HikariDataSource       : HikariPool-1 - Starting...
2024-11-11T16:44:36.183+05:30  INFO 25532 --- [SmartHealthManagementSystem] [main] com.zaxxer.hikari.pool.HikariPool        : HikariPool-1 - Added connection com.mysql.cj.jdbc.ConnectionImpl@1d7f2f0a
2024-11-11T16:44:36.186+05:30  INFO 25532 --- [SmartHealthManagementSystem] [main] com.zaxxer.hikari.HikariDataSource       : HikariPool-1 - Start completed.
2024-11-11T16:44:36.243+05:30  WARN 25532 --- [SmartHealthManagementSystem] [main] org.hibernate.orm.deprecation            : HHH90000025: MySQLDialect does not need to be specified explicitly using 'hibernate.dialect' (remove the property setting and it will be selected by default)
2024-11-11T16:44:37.252+05:30  INFO 25532 --- [SmartHealthManagementSystem] [main] o.h.e.t.j.p.i.JtaPlatformInitiator       : HHH000489: No JTA platform available (set 'hibernate.transaction.jta.platform' to enable JTA platform integration)
2024-11-11T16:44:37.374+05:30  INFO 25532 --- [SmartHealthManagementSystem] [main] j.LocalContainerEntityManagerFactoryBean : Initialized JPA EntityManagerFactory for persistence unit 'default'
2024-11-11T16:44:37.774+05:30  WARN 25532 --- [SmartHealthManagementSystem] [main] JpaBaseConfiguration$JpaWebConfiguration : spring.jpa.open-in-view is enabled by default. Therefore, database queries may be performed during view rendering. Explicitly configure spring.jpa.open-in-view to disable this warning
2024-11-11T16:44:37.796+05:30  WARN 25532 --- [SmartHealthManagementSystem] [main] .s.s.UserDetailsServiceAutoConfiguration : 

Using generated security password: c6703e46-a03a-4842-b8e6-38a4dfe0ec58

This generated password is for development use only. Your security configuration must be updated before running your application in production.

2024-11-11T16:44:37.805+05:30  INFO 25532 --- [SmartHealthManagementSystem] [main] r$InitializeUserDetailsManagerConfigurer : Global AuthenticationManager configured with UserDetailsService bean with name inMemoryUserDetailsManager
2024-11-11T16:44:38.343+05:30  INFO 25532 --- [SmartHealthManagementSystem] [main] o.s.b.w.embedded.tomcat.TomcatWebServer  : Tomcat started on port 8080 (http) with context path '/'
2024-11-11T16:44:38.351+05:30  INFO 25532 --- [SmartHealthManagementSystem] [main] S.SmartHealthManagementSystemApplication : Started SmartHealthManagementSystemApplication in 4.808 seconds (process running for 5.486)
