2024-11-11T15:25:03.060+05:30  INFO 23516 --- [SmartHealthManagementSystem] [main] S.SmartHealthManagementSystemApplication : Starting SmartHealthManagementSystemApplication using Java 21.0.2 with PID 23516 (C:\Users\Pradip Kumar Singh\Desktop\Assignment\Final Project\SmartHealthManagementSystem\target\classes started by Pradip Kumar Singh in C:\Users\Pradip Kumar Singh\Desktop\Assignment\Final Project\SmartHealthManagementSystem)
2024-11-11T15:25:03.062+05:30 DEBUG 23516 --- [SmartHealthManagementSystem] [main] S.SmartHealthManagementSystemApplication : Running with Spring Boot v3.3.5, Spring v6.1.14
2024-11-11T15:25:03.064+05:30  INFO 23516 --- [SmartHealthManagementSystem] [main] S.SmartHealthManagementSystemApplication : No active profile set, falling back to 1 default profile: "default"
2024-11-11T15:25:03.852+05:30  INFO 23516 --- [SmartHealthManagementSystem] [main] .s.d.r.c.RepositoryConfigurationDelegate : Bootstrapping Spring Data JPA repositories in DEFAULT mode.
2024-11-11T15:25:03.944+05:30  INFO 23516 --- [SmartHealthManagementSystem] [main] .s.d.r.c.RepositoryConfigurationDelegate : Finished Spring Data repository scanning in 82 ms. Found 8 JPA repository interfaces.
2024-11-11T15:25:04.503+05:30  INFO 23516 --- [SmartHealthManagementSystem] [main] o.s.b.w.embedded.tomcat.TomcatWebServer  : Tomcat initialized with port 8080 (http)
2024-11-11T15:25:04.518+05:30  INFO 23516 --- [SmartHealthManagementSystem] [main] o.apache.catalina.core.StandardService   : Starting service [Tomcat]
2024-11-11T15:25:04.519+05:30  INFO 23516 --- [SmartHealthManagementSystem] [main] o.apache.catalina.core.StandardEngine    : Starting Servlet engine: [Apache Tomcat/10.1.31]
2024-11-11T15:25:04.583+05:30  INFO 23516 --- [SmartHealthManagementSystem] [main] o.a.c.c.C.[Tomcat].[localhost].[/]       : Initializing Spring embedded WebApplicationContext
2024-11-11T15:25:04.583+05:30  INFO 23516 --- [SmartHealthManagementSystem] [main] w.s.c.ServletWebServerApplicationContext : Root WebApplicationContext: initialization completed in 1464 ms
2024-11-11T15:25:04.761+05:30  INFO 23516 --- [SmartHealthManagementSystem] [main] o.hibernate.jpa.internal.util.LogHelper  : HHH000204: Processing PersistenceUnitInfo [name: default]
2024-11-11T15:25:04.833+05:30  INFO 23516 --- [SmartHealthManagementSystem] [main] org.hibernate.Version                    : HHH000412: Hibernate ORM core version 6.5.3.Final
2024-11-11T15:25:04.879+05:30  INFO 23516 --- [SmartHealthManagementSystem] [main] o.h.c.internal.RegionFactoryInitiator    : HHH000026: Second-level cache disabled
2024-11-11T15:25:05.346+05:30  INFO 23516 --- [SmartHealthManagementSystem] [main] o.s.o.j.p.SpringPersistenceUnitInfo      : No LoadTimeWeaver setup: ignoring JPA class transformer
2024-11-11T15:25:05.380+05:30  INFO 23516 --- [SmartHealthManagementSystem] [main] com.zaxxer.hikari.HikariDataSource       : HikariPool-1 - Starting...
2024-11-11T15:25:05.546+05:30  INFO 23516 --- [SmartHealthManagementSystem] [main] com.zaxxer.hikari.pool.HikariPool        : HikariPool-1 - Added connection com.mysql.cj.jdbc.ConnectionImpl@483b7dc4
2024-11-11T15:25:05.549+05:30  INFO 23516 --- [SmartHealthManagementSystem] [main] com.zaxxer.hikari.HikariDataSource       : HikariPool-1 - Start completed.
2024-11-11T15:25:05.612+05:30  WARN 23516 --- [SmartHealthManagementSystem] [main] org.hibernate.orm.deprecation            : HHH90000025: MySQLDialect does not need to be specified explicitly using 'hibernate.dialect' (remove the property setting and it will be selected by default)
2024-11-11T15:25:06.637+05:30  INFO 23516 --- [SmartHealthManagementSystem] [main] o.h.e.t.j.p.i.JtaPlatformInitiator       : HHH000489: No JTA platform available (set 'hibernate.transaction.jta.platform' to enable JTA platform integration)
2024-11-11T15:25:06.774+05:30  INFO 23516 --- [SmartHealthManagementSystem] [main] j.LocalContainerEntityManagerFactoryBean : Initialized JPA EntityManagerFactory for persistence unit 'default'
2024-11-11T15:25:07.206+05:30  WARN 23516 --- [SmartHealthManagementSystem] [main] JpaBaseConfiguration$JpaWebConfiguration : spring.jpa.open-in-view is enabled by default. Therefore, database queries may be performed during view rendering. Explicitly configure spring.jpa.open-in-view to disable this warning
2024-11-11T15:25:07.226+05:30  WARN 23516 --- [SmartHealthManagementSystem] [main] .s.s.UserDetailsServiceAutoConfiguration : 

Using generated security password: 0f36d3b6-bb01-47e6-9658-1209911cc650

This generated password is for development use only. Your security configuration must be updated before running your application in production.

2024-11-11T15:25:07.234+05:30  INFO 23516 --- [SmartHealthManagementSystem] [main] r$InitializeUserDetailsManagerConfigurer : Global AuthenticationManager configured with UserDetailsService bean with name inMemoryUserDetailsManager
2024-11-11T15:25:07.731+05:30  INFO 23516 --- [SmartHealthManagementSystem] [main] o.s.b.w.embedded.tomcat.TomcatWebServer  : Tomcat started on port 8080 (http) with context path '/'
2024-11-11T15:25:07.740+05:30  INFO 23516 --- [SmartHealthManagementSystem] [main] S.SmartHealthManagementSystemApplication : Started SmartHealthManagementSystemApplication in 5.07 seconds (process running for 5.864)
