2024-11-11T19:48:00.864+05:30  INFO 13888 --- [SmartHealthManagementSystem] [http-nio-8080-exec-1] o.a.c.c.C.[Tomcat].[localhost].[/]       : Initializing Spring DispatcherServlet 'dispatcherServlet'
2024-11-11T19:48:00.885+05:30  INFO 13888 --- [SmartHealthManagementSystem] [http-nio-8080-exec-1] o.s.web.servlet.DispatcherServlet        : Initializing Servlet 'dispatcherServlet'
2024-11-11T19:48:00.887+05:30  INFO 13888 --- [SmartHealthManagementSystem] [http-nio-8080-exec-1] o.s.web.servlet.DispatcherServlet        : Completed initialization in 1 ms
2024-11-11T19:51:15.471+05:30  INFO 13888 --- [SmartHealthManagementSystem] [RMI TCP Connection(7)-127.0.0.1] inMXBeanRegistrar$SpringApplicationAdmin : Application shutdown requested.
2024-11-11T19:51:15.484+05:30  INFO 13888 --- [SmartHealthManagementSystem] [RMI TCP Connection(7)-127.0.0.1] j.LocalContainerEntityManagerFactoryBean : Closing JPA EntityManagerFactory for persistence unit 'default'
2024-11-11T19:51:15.486+05:30  INFO 13888 --- [SmartHealthManagementSystem] [RMI TCP Connection(7)-127.0.0.1] com.zaxxer.hikari.HikariDataSource       : HikariPool-1 - Shutdown initiated...
2024-11-11T19:51:15.495+05:30  INFO 13888 --- [SmartHealthManagementSystem] [RMI TCP Connection(7)-127.0.0.1] com.zaxxer.hikari.HikariDataSource       : HikariPool-1 - Shutdown completed.
2024-11-11T19:51:25.292+05:30  INFO 22840 --- [SmartHealthManagementSystem] [main] S.SmartHealthManagementSystemApplication : Starting SmartHealthManagementSystemApplication using Java 21.0.2 with PID 22840 (C:\Users\Pradip Kumar Singh\Desktop\Assignment\Final Project\SmartHealthManagementSystem\target\classes started by Pradip Kumar Singh in C:\Users\Pradip Kumar Singh\Desktop\Assignment\Final Project\SmartHealthManagementSystem)
2024-11-11T19:51:25.294+05:30 DEBUG 22840 --- [SmartHealthManagementSystem] [main] S.SmartHealthManagementSystemApplication : Running with Spring Boot v3.3.5, Spring v6.1.14
2024-11-11T19:51:25.295+05:30  INFO 22840 --- [SmartHealthManagementSystem] [main] S.SmartHealthManagementSystemApplication : No active profile set, falling back to 1 default profile: "default"
2024-11-11T19:51:25.957+05:30  INFO 22840 --- [SmartHealthManagementSystem] [main] .s.d.r.c.RepositoryConfigurationDelegate : Bootstrapping Spring Data JPA repositories in DEFAULT mode.
2024-11-11T19:51:26.041+05:30  INFO 22840 --- [SmartHealthManagementSystem] [main] .s.d.r.c.RepositoryConfigurationDelegate : Finished Spring Data repository scanning in 68 ms. Found 8 JPA repository interfaces.
2024-11-11T19:51:26.503+05:30  INFO 22840 --- [SmartHealthManagementSystem] [main] o.s.b.w.embedded.tomcat.TomcatWebServer  : Tomcat initialized with port 8080 (http)
2024-11-11T19:51:26.518+05:30  INFO 22840 --- [SmartHealthManagementSystem] [main] o.apache.catalina.core.StandardService   : Starting service [Tomcat]
2024-11-11T19:51:26.519+05:30  INFO 22840 --- [SmartHealthManagementSystem] [main] o.apache.catalina.core.StandardEngine    : Starting Servlet engine: [Apache Tomcat/10.1.31]
2024-11-11T19:51:26.575+05:30  INFO 22840 --- [SmartHealthManagementSystem] [main] o.a.c.c.C.[Tomcat].[localhost].[/]       : Initializing Spring embedded WebApplicationContext
2024-11-11T19:51:26.576+05:30  INFO 22840 --- [SmartHealthManagementSystem] [main] w.s.c.ServletWebServerApplicationContext : Root WebApplicationContext: initialization completed in 1233 ms
2024-11-11T19:51:26.735+05:30  INFO 22840 --- [SmartHealthManagementSystem] [main] o.hibernate.jpa.internal.util.LogHelper  : HHH000204: Processing PersistenceUnitInfo [name: default]
2024-11-11T19:51:26.783+05:30  INFO 22840 --- [SmartHealthManagementSystem] [main] org.hibernate.Version                    : HHH000412: Hibernate ORM core version 6.5.3.Final
2024-11-11T19:51:26.816+05:30  INFO 22840 --- [SmartHealthManagementSystem] [main] o.h.c.internal.RegionFactoryInitiator    : HHH000026: Second-level cache disabled
2024-11-11T19:51:27.084+05:30  INFO 22840 --- [SmartHealthManagementSystem] [main] o.s.o.j.p.SpringPersistenceUnitInfo      : No LoadTimeWeaver setup: ignoring JPA class transformer
2024-11-11T19:51:27.113+05:30  INFO 22840 --- [SmartHealthManagementSystem] [main] com.zaxxer.hikari.HikariDataSource       : HikariPool-1 - Starting...
2024-11-11T19:51:27.312+05:30  INFO 22840 --- [SmartHealthManagementSystem] [main] com.zaxxer.hikari.pool.HikariPool        : HikariPool-1 - Added connection com.mysql.cj.jdbc.ConnectionImpl@31f7eb8
2024-11-11T19:51:27.314+05:30  INFO 22840 --- [SmartHealthManagementSystem] [main] com.zaxxer.hikari.HikariDataSource       : HikariPool-1 - Start completed.
2024-11-11T19:51:27.363+05:30  WARN 22840 --- [SmartHealthManagementSystem] [main] org.hibernate.orm.deprecation            : HHH90000025: MySQLDialect does not need to be specified explicitly using 'hibernate.dialect' (remove the property setting and it will be selected by default)
2024-11-11T19:51:28.316+05:30  INFO 22840 --- [SmartHealthManagementSystem] [main] o.h.e.t.j.p.i.JtaPlatformInitiator       : HHH000489: No JTA platform available (set 'hibernate.transaction.jta.platform' to enable JTA platform integration)
2024-11-11T19:51:28.444+05:30  INFO 22840 --- [SmartHealthManagementSystem] [main] j.LocalContainerEntityManagerFactoryBean : Initialized JPA EntityManagerFactory for persistence unit 'default'
2024-11-11T19:51:28.841+05:30  WARN 22840 --- [SmartHealthManagementSystem] [main] JpaBaseConfiguration$JpaWebConfiguration : spring.jpa.open-in-view is enabled by default. Therefore, database queries may be performed during view rendering. Explicitly configure spring.jpa.open-in-view to disable this warning
2024-11-11T19:51:28.860+05:30  WARN 22840 --- [SmartHealthManagementSystem] [main] .s.s.UserDetailsServiceAutoConfiguration : 

Using generated security password: 917e97f4-88d0-4b01-8978-c698b4f1da21

This generated password is for development use only. Your security configuration must be updated before running your application in production.

2024-11-11T19:51:28.867+05:30  INFO 22840 --- [SmartHealthManagementSystem] [main] r$InitializeUserDetailsManagerConfigurer : Global AuthenticationManager configured with UserDetailsService bean with name inMemoryUserDetailsManager
2024-11-11T19:51:29.314+05:30  INFO 22840 --- [SmartHealthManagementSystem] [main] o.s.b.w.embedded.tomcat.TomcatWebServer  : Tomcat started on port 8080 (http) with context path '/'
2024-11-11T19:51:29.324+05:30  INFO 22840 --- [SmartHealthManagementSystem] [main] S.SmartHealthManagementSystemApplication : Started SmartHealthManagementSystemApplication in 4.411 seconds (process running for 5.13)
