2024-11-11T19:51:36.791+05:30  INFO 22840 --- [SmartHealthManagementSystem] [http-nio-8080-exec-2] o.a.c.c.C.[Tomcat].[localhost].[/]       : Initializing Spring DispatcherServlet 'dispatcherServlet'
2024-11-11T19:51:36.800+05:30  INFO 22840 --- [SmartHealthManagementSystem] [http-nio-8080-exec-2] o.s.web.servlet.DispatcherServlet        : Initializing Servlet 'dispatcherServlet'
2024-11-11T19:51:36.805+05:30  INFO 22840 --- [SmartHealthManagementSystem] [http-nio-8080-exec-2] o.s.web.servlet.DispatcherServlet        : Completed initialization in 3 ms
2024-11-11T21:34:53.051+05:30  INFO 22840 --- [SmartHealthManagementSystem] [RMI TCP Connection(107)-127.0.0.1] inMXBeanRegistrar$SpringApplicationAdmin : Application shutdown requested.
2024-11-11T21:34:53.190+05:30  INFO 22840 --- [SmartHealthManagementSystem] [RMI TCP Connection(107)-127.0.0.1] j.LocalContainerEntityManagerFactoryBean : Closing JPA EntityManagerFactory for persistence unit 'default'
2024-11-11T21:34:53.225+05:30  INFO 22840 --- [SmartHealthManagementSystem] [RMI TCP Connection(107)-127.0.0.1] com.zaxxer.hikari.HikariDataSource       : HikariPool-1 - Shutdown initiated...
2024-11-11T21:34:53.233+05:30  INFO 22840 --- [SmartHealthManagementSystem] [RMI TCP Connection(107)-127.0.0.1] com.zaxxer.hikari.HikariDataSource       : HikariPool-1 - Shutdown completed.
2024-11-11T21:35:00.600+05:30  INFO 20512 --- [SmartHealthManagementSystem] [main] S.SmartHealthManagementSystemApplication : Starting SmartHealthManagementSystemApplication using Java 21.0.2 with PID 20512 (C:\Users\Pradip Kumar Singh\Desktop\Assignment\Final Project\SmartHealthManagementSystem\target\classes started by Pradip Kumar Singh in C:\Users\Pradip Kumar Singh\Desktop\Assignment\Final Project\SmartHealthManagementSystem)
2024-11-11T21:35:00.602+05:30 DEBUG 20512 --- [SmartHealthManagementSystem] [main] S.SmartHealthManagementSystemApplication : Running with Spring Boot v3.3.5, Spring v6.1.14
2024-11-11T21:35:00.603+05:30  INFO 20512 --- [SmartHealthManagementSystem] [main] S.SmartHealthManagementSystemApplication : No active profile set, falling back to 1 default profile: "default"
2024-11-11T21:35:01.509+05:30  INFO 20512 --- [SmartHealthManagementSystem] [main] .s.d.r.c.RepositoryConfigurationDelegate : Bootstrapping Spring Data JPA repositories in DEFAULT mode.
2024-11-11T21:35:01.608+05:30  INFO 20512 --- [SmartHealthManagementSystem] [main] .s.d.r.c.RepositoryConfigurationDelegate : Finished Spring Data repository scanning in 88 ms. Found 8 JPA repository interfaces.
2024-11-11T21:35:02.174+05:30  INFO 20512 --- [SmartHealthManagementSystem] [main] o.s.b.w.embedded.tomcat.TomcatWebServer  : Tomcat initialized with port 8080 (http)
2024-11-11T21:35:02.190+05:30  INFO 20512 --- [SmartHealthManagementSystem] [main] o.apache.catalina.core.StandardService   : Starting service [Tomcat]
2024-11-11T21:35:02.191+05:30  INFO 20512 --- [SmartHealthManagementSystem] [main] o.apache.catalina.core.StandardEngine    : Starting Servlet engine: [Apache Tomcat/10.1.31]
2024-11-11T21:35:02.257+05:30  INFO 20512 --- [SmartHealthManagementSystem] [main] o.a.c.c.C.[Tomcat].[localhost].[/]       : Initializing Spring embedded WebApplicationContext
2024-11-11T21:35:02.258+05:30  INFO 20512 --- [SmartHealthManagementSystem] [main] w.s.c.ServletWebServerApplicationContext : Root WebApplicationContext: initialization completed in 1605 ms
2024-11-11T21:35:02.429+05:30  INFO 20512 --- [SmartHealthManagementSystem] [main] o.hibernate.jpa.internal.util.LogHelper  : HHH000204: Processing PersistenceUnitInfo [name: default]
2024-11-11T21:35:02.497+05:30  INFO 20512 --- [SmartHealthManagementSystem] [main] org.hibernate.Version                    : HHH000412: Hibernate ORM core version 6.5.3.Final
2024-11-11T21:35:02.543+05:30  INFO 20512 --- [SmartHealthManagementSystem] [main] o.h.c.internal.RegionFactoryInitiator    : HHH000026: Second-level cache disabled
2024-11-11T21:35:02.876+05:30  INFO 20512 --- [SmartHealthManagementSystem] [main] o.s.o.j.p.SpringPersistenceUnitInfo      : No LoadTimeWeaver setup: ignoring JPA class transformer
2024-11-11T21:35:02.910+05:30  INFO 20512 --- [SmartHealthManagementSystem] [main] com.zaxxer.hikari.HikariDataSource       : HikariPool-1 - Starting...
2024-11-11T21:35:03.088+05:30  INFO 20512 --- [SmartHealthManagementSystem] [main] com.zaxxer.hikari.pool.HikariPool        : HikariPool-1 - Added connection com.mysql.cj.jdbc.ConnectionImpl@531ec2ca
2024-11-11T21:35:03.092+05:30  INFO 20512 --- [SmartHealthManagementSystem] [main] com.zaxxer.hikari.HikariDataSource       : HikariPool-1 - Start completed.
2024-11-11T21:35:03.161+05:30  WARN 20512 --- [SmartHealthManagementSystem] [main] org.hibernate.orm.deprecation            : HHH90000025: MySQLDialect does not need to be specified explicitly using 'hibernate.dialect' (remove the property setting and it will be selected by default)
2024-11-11T21:35:04.221+05:30  INFO 20512 --- [SmartHealthManagementSystem] [main] o.h.e.t.j.p.i.JtaPlatformInitiator       : HHH000489: No JTA platform available (set 'hibernate.transaction.jta.platform' to enable JTA platform integration)
2024-11-11T21:35:04.371+05:30  INFO 20512 --- [SmartHealthManagementSystem] [main] j.LocalContainerEntityManagerFactoryBean : Initialized JPA EntityManagerFactory for persistence unit 'default'
2024-11-11T21:35:04.791+05:30  WARN 20512 --- [SmartHealthManagementSystem] [main] JpaBaseConfiguration$JpaWebConfiguration : spring.jpa.open-in-view is enabled by default. Therefore, database queries may be performed during view rendering. Explicitly configure spring.jpa.open-in-view to disable this warning
2024-11-11T21:35:04.811+05:30  WARN 20512 --- [SmartHealthManagementSystem] [main] .s.s.UserDetailsServiceAutoConfiguration : 

Using generated security password: 2f097439-2926-4fca-a4a4-1ffa5b8232e3

This generated password is for development use only. Your security configuration must be updated before running your application in production.

2024-11-11T21:35:04.819+05:30  INFO 20512 --- [SmartHealthManagementSystem] [main] r$InitializeUserDetailsManagerConfigurer : Global AuthenticationManager configured with UserDetailsService bean with name inMemoryUserDetailsManager
2024-11-11T21:35:05.415+05:30  INFO 20512 --- [SmartHealthManagementSystem] [main] o.s.b.w.embedded.tomcat.TomcatWebServer  : Tomcat started on port 8080 (http) with context path '/'
2024-11-11T21:35:05.423+05:30  INFO 20512 --- [SmartHealthManagementSystem] [main] S.SmartHealthManagementSystemApplication : Started SmartHealthManagementSystemApplication in 5.187 seconds (process running for 6.026)
